  pa2.c
d:\nolen\documents\computer science\cpts_122\pa1\pa2\pa2.c(33): warning C4047: 'initializing': 'char' differs in levels of indirection from 'void *'
d:\nolen\documents\computer science\cpts_122\pa1\pa2\pa2.c(35): warning C4996: 'scanf': This function or variable may be unsafe. Consider using scanf_s instead. To disable deprecation, use _CRT_SECURE_NO_WARNINGS. See online help for details.
  c:\program files (x86)\windows kits\10\include\10.0.10240.0\ucrt\stdio.h(1270): note: see declaration of 'scanf'
d:\nolen\documents\computer science\cpts_122\pa1\pa2\pa2.c(100): warning C4244: '=': conversion from 'double' to 'int', possible loss of data
d:\nolen\documents\computer science\cpts_122\pa1\pa2\pa2.c(101): warning C4244: '=': conversion from 'double' to 'int', possible loss of data
d:\nolen\documents\computer science\cpts_122\pa1\pa2\pa2.c(102): warning C4244: '=': conversion from 'double' to 'int', possible loss of data
d:\nolen\documents\computer science\cpts_122\pa1\pa2\pa2.c(103): warning C4244: '=': conversion from 'double' to 'int', possible loss of data
d:\nolen\documents\computer science\cpts_122\pa1\pa2\pa2.c(65): warning C4996: 'fopen': This function or variable may be unsafe. Consider using fopen_s instead. To disable deprecation, use _CRT_SECURE_NO_WARNINGS. See online help for details.
  c:\program files (x86)\windows kits\10\include\10.0.10240.0\ucrt\stdio.h(205): note: see declaration of 'fopen'
d:\nolen\documents\computer science\cpts_122\pa1\pa2\pa2.c(72): warning C4047: 'initializing': 'char' differs in levels of indirection from 'void *'
d:\nolen\documents\computer science\cpts_122\pa1\pa2\pa2.c(73): warning C4047: 'initializing': 'char' differs in levels of indirection from 'void *'
d:\nolen\documents\computer science\cpts_122\pa1\pa2\pa2.c(75): warning C4047: 'initializing': 'char' differs in levels of indirection from 'void *'
d:\nolen\documents\computer science\cpts_122\pa1\pa2\pa2.c(76): warning C4047: 'initializing': 'char' differs in levels of indirection from 'void *'
d:\nolen\documents\computer science\cpts_122\pa1\pa2\pa2.c(77): warning C4047: 'initializing': 'char' differs in levels of indirection from 'void *'
d:\nolen\documents\computer science\cpts_122\pa1\pa2\pa2.c(78): warning C4047: 'initializing': 'char' differs in levels of indirection from 'void *'
d:\nolen\documents\computer science\cpts_122\pa1\pa2\pa2.c(93): warning C4996: 'strcpy': This function or variable may be unsafe. Consider using strcpy_s instead. To disable deprecation, use _CRT_SECURE_NO_WARNINGS. See online help for details.
  c:\program files (x86)\windows kits\10\include\10.0.10240.0\ucrt\string.h(119): note: see declaration of 'strcpy'
d:\nolen\documents\computer science\cpts_122\pa1\pa2\pa2.c(96): warning C4996: 'strcpy': This function or variable may be unsafe. Consider using strcpy_s instead. To disable deprecation, use _CRT_SECURE_NO_WARNINGS. See online help for details.
  c:\program files (x86)\windows kits\10\include\10.0.10240.0\ucrt\string.h(119): note: see declaration of 'strcpy'
d:\nolen\documents\computer science\cpts_122\pa1\pa2\pa2.c(97): warning C4996: 'strcpy': This function or variable may be unsafe. Consider using strcpy_s instead. To disable deprecation, use _CRT_SECURE_NO_WARNINGS. See online help for details.
  c:\program files (x86)\windows kits\10\include\10.0.10240.0\ucrt\string.h(119): note: see declaration of 'strcpy'
d:\nolen\documents\computer science\cpts_122\pa1\pa2\pa2.c(98): warning C4996: 'strcpy': This function or variable may be unsafe. Consider using strcpy_s instead. To disable deprecation, use _CRT_SECURE_NO_WARNINGS. See online help for details.
  c:\program files (x86)\windows kits\10\include\10.0.10240.0\ucrt\string.h(119): note: see declaration of 'strcpy'
d:\nolen\documents\computer science\cpts_122\pa1\pa2\pa2.c(99): warning C4996: 'strcpy': This function or variable may be unsafe. Consider using strcpy_s instead. To disable deprecation, use _CRT_SECURE_NO_WARNINGS. See online help for details.
  c:\program files (x86)\windows kits\10\include\10.0.10240.0\ucrt\string.h(119): note: see declaration of 'strcpy'
d:\nolen\documents\computer science\cpts_122\pa1\pa2\pa2.c(100): warning C4996: 'strtok': This function or variable may be unsafe. Consider using strtok_s instead. To disable deprecation, use _CRT_SECURE_NO_WARNINGS. See online help for details.
  c:\program files (x86)\windows kits\10\include\10.0.10240.0\ucrt\string.h(453): note: see declaration of 'strtok'
d:\nolen\documents\computer science\cpts_122\pa1\pa2\pa2.c(101): warning C4996: 'strtok': This function or variable may be unsafe. Consider using strtok_s instead. To disable deprecation, use _CRT_SECURE_NO_WARNINGS. See online help for details.
  c:\program files (x86)\windows kits\10\include\10.0.10240.0\ucrt\string.h(453): note: see declaration of 'strtok'
d:\nolen\documents\computer science\cpts_122\pa1\pa2\pa2.c(102): warning C4996: 'strtok': This function or variable may be unsafe. Consider using strtok_s instead. To disable deprecation, use _CRT_SECURE_NO_WARNINGS. See online help for details.
  c:\program files (x86)\windows kits\10\include\10.0.10240.0\ucrt\string.h(453): note: see declaration of 'strtok'
d:\nolen\documents\computer science\cpts_122\pa1\pa2\pa2.c(103): warning C4996: 'strtok': This function or variable may be unsafe. Consider using strtok_s instead. To disable deprecation, use _CRT_SECURE_NO_WARNINGS. See online help for details.
  c:\program files (x86)\windows kits\10\include\10.0.10240.0\ucrt\string.h(453): note: see declaration of 'strtok'
d:\nolen\documents\computer science\cpts_122\pa1\pa2\pa2.c(106): warning C4996: 'strcpy': This function or variable may be unsafe. Consider using strcpy_s instead. To disable deprecation, use _CRT_SECURE_NO_WARNINGS. See online help for details.
  c:\program files (x86)\windows kits\10\include\10.0.10240.0\ucrt\string.h(119): note: see declaration of 'strcpy'
d:\nolen\documents\computer science\cpts_122\pa1\pa2\pa2.c(107): warning C4996: 'strcpy': This function or variable may be unsafe. Consider using strcpy_s instead. To disable deprecation, use _CRT_SECURE_NO_WARNINGS. See online help for details.
  c:\program files (x86)\windows kits\10\include\10.0.10240.0\ucrt\string.h(119): note: see declaration of 'strcpy'
d:\nolen\documents\computer science\cpts_122\pa1\pa2\pa2.c(108): warning C4996: 'strcpy': This function or variable may be unsafe. Consider using strcpy_s instead. To disable deprecation, use _CRT_SECURE_NO_WARNINGS. See online help for details.
  c:\program files (x86)\windows kits\10\include\10.0.10240.0\ucrt\string.h(119): note: see declaration of 'strcpy'
d:\nolen\documents\computer science\cpts_122\pa1\pa2\pa2.c(109): warning C4996: 'strcpy': This function or variable may be unsafe. Consider using strcpy_s instead. To disable deprecation, use _CRT_SECURE_NO_WARNINGS. See online help for details.
  c:\program files (x86)\windows kits\10\include\10.0.10240.0\ucrt\string.h(119): note: see declaration of 'strcpy'
d:\nolen\documents\computer science\cpts_122\pa1\pa2\pa2.c(131): warning C4996: 'fopen': This function or variable may be unsafe. Consider using fopen_s instead. To disable deprecation, use _CRT_SECURE_NO_WARNINGS. See online help for details.
  c:\program files (x86)\windows kits\10\include\10.0.10240.0\ucrt\stdio.h(205): note: see declaration of 'fopen'
d:\nolen\documents\computer science\cpts_122\pa1\pa2\pa2.c(163): warning C4013: 'gets' undefined; assuming extern returning int
d:\nolen\documents\computer science\cpts_122\pa1\pa2\pa2.c(154): warning C4047: 'initializing': 'char' differs in levels of indirection from 'void *'
d:\nolen\documents\computer science\cpts_122\pa1\pa2\pa2.c(186): warning C4996: 'scanf': This function or variable may be unsafe. Consider using scanf_s instead. To disable deprecation, use _CRT_SECURE_NO_WARNINGS. See online help for details.
  c:\program files (x86)\windows kits\10\include\10.0.10240.0\ucrt\stdio.h(1270): note: see declaration of 'scanf'
d:\nolen\documents\computer science\cpts_122\pa1\pa2\pa2.c(193): warning C4996: 'strcpy': This function or variable may be unsafe. Consider using strcpy_s instead. To disable deprecation, use _CRT_SECURE_NO_WARNINGS. See online help for details.
  c:\program files (x86)\windows kits\10\include\10.0.10240.0\ucrt\string.h(119): note: see declaration of 'strcpy'
d:\nolen\documents\computer science\cpts_122\pa1\pa2\pa2.c(199): warning C4996: 'strcpy': This function or variable may be unsafe. Consider using strcpy_s instead. To disable deprecation, use _CRT_SECURE_NO_WARNINGS. See online help for details.
  c:\program files (x86)\windows kits\10\include\10.0.10240.0\ucrt\string.h(119): note: see declaration of 'strcpy'
d:\nolen\documents\computer science\cpts_122\pa1\pa2\pa2.c(205): warning C4996: 'strcpy': This function or variable may be unsafe. Consider using strcpy_s instead. To disable deprecation, use _CRT_SECURE_NO_WARNINGS. See online help for details.
  c:\program files (x86)\windows kits\10\include\10.0.10240.0\ucrt\string.h(119): note: see declaration of 'strcpy'
d:\nolen\documents\computer science\cpts_122\pa1\pa2\pa2.c(211): warning C4996: 'strcpy': This function or variable may be unsafe. Consider using strcpy_s instead. To disable deprecation, use _CRT_SECURE_NO_WARNINGS. See online help for details.
  c:\program files (x86)\windows kits\10\include\10.0.10240.0\ucrt\string.h(119): note: see declaration of 'strcpy'
d:\nolen\documents\computer science\cpts_122\pa1\pa2\pa2.c(216): warning C4996: 'scanf': This function or variable may be unsafe. Consider using scanf_s instead. To disable deprecation, use _CRT_SECURE_NO_WARNINGS. See online help for details.
  c:\program files (x86)\windows kits\10\include\10.0.10240.0\ucrt\stdio.h(1270): note: see declaration of 'scanf'
d:\nolen\documents\computer science\cpts_122\pa1\pa2\pa2.c(222): warning C4996: 'scanf': This function or variable may be unsafe. Consider using scanf_s instead. To disable deprecation, use _CRT_SECURE_NO_WARNINGS. See online help for details.
  c:\program files (x86)\windows kits\10\include\10.0.10240.0\ucrt\stdio.h(1270): note: see declaration of 'scanf'
d:\nolen\documents\computer science\cpts_122\pa1\pa2\pa2.c(228): warning C4996: 'scanf': This function or variable may be unsafe. Consider using scanf_s instead. To disable deprecation, use _CRT_SECURE_NO_WARNINGS. See online help for details.
  c:\program files (x86)\windows kits\10\include\10.0.10240.0\ucrt\stdio.h(1270): note: see declaration of 'scanf'
d:\nolen\documents\computer science\cpts_122\pa1\pa2\pa2.c(234): warning C4996: 'scanf': This function or variable may be unsafe. Consider using scanf_s instead. To disable deprecation, use _CRT_SECURE_NO_WARNINGS. See online help for details.
  c:\program files (x86)\windows kits\10\include\10.0.10240.0\ucrt\stdio.h(1270): note: see declaration of 'scanf'
d:\nolen\documents\computer science\cpts_122\pa1\pa2\pa2.c(261): warning C4996: 'scanf': This function or variable may be unsafe. Consider using scanf_s instead. To disable deprecation, use _CRT_SECURE_NO_WARNINGS. See online help for details.
  c:\program files (x86)\windows kits\10\include\10.0.10240.0\ucrt\stdio.h(1270): note: see declaration of 'scanf'
d:\nolen\documents\computer science\cpts_122\pa1\pa2\pa2.c(268): warning C4996: 'strcpy': This function or variable may be unsafe. Consider using strcpy_s instead. To disable deprecation, use _CRT_SECURE_NO_WARNINGS. See online help for details.
  c:\program files (x86)\windows kits\10\include\10.0.10240.0\ucrt\string.h(119): note: see declaration of 'strcpy'
d:\nolen\documents\computer science\cpts_122\pa1\pa2\pa2.c(274): warning C4996: 'strcpy': This function or variable may be unsafe. Consider using strcpy_s instead. To disable deprecation, use _CRT_SECURE_NO_WARNINGS. See online help for details.
  c:\program files (x86)\windows kits\10\include\10.0.10240.0\ucrt\string.h(119): note: see declaration of 'strcpy'
d:\nolen\documents\computer science\cpts_122\pa1\pa2\pa2.c(280): warning C4996: 'strcpy': This function or variable may be unsafe. Consider using strcpy_s instead. To disable deprecation, use _CRT_SECURE_NO_WARNINGS. See online help for details.
  c:\program files (x86)\windows kits\10\include\10.0.10240.0\ucrt\string.h(119): note: see declaration of 'strcpy'
d:\nolen\documents\computer science\cpts_122\pa1\pa2\pa2.c(286): warning C4996: 'strcpy': This function or variable may be unsafe. Consider using strcpy_s instead. To disable deprecation, use _CRT_SECURE_NO_WARNINGS. See online help for details.
  c:\program files (x86)\windows kits\10\include\10.0.10240.0\ucrt\string.h(119): note: see declaration of 'strcpy'
d:\nolen\documents\computer science\cpts_122\pa1\pa2\pa2.c(291): warning C4996: 'scanf': This function or variable may be unsafe. Consider using scanf_s instead. To disable deprecation, use _CRT_SECURE_NO_WARNINGS. See online help for details.
  c:\program files (x86)\windows kits\10\include\10.0.10240.0\ucrt\stdio.h(1270): note: see declaration of 'scanf'
d:\nolen\documents\computer science\cpts_122\pa1\pa2\pa2.c(297): warning C4996: 'scanf': This function or variable may be unsafe. Consider using scanf_s instead. To disable deprecation, use _CRT_SECURE_NO_WARNINGS. See online help for details.
  c:\program files (x86)\windows kits\10\include\10.0.10240.0\ucrt\stdio.h(1270): note: see declaration of 'scanf'
d:\nolen\documents\computer science\cpts_122\pa1\pa2\pa2.c(303): warning C4996: 'scanf': This function or variable may be unsafe. Consider using scanf_s instead. To disable deprecation, use _CRT_SECURE_NO_WARNINGS. See online help for details.
  c:\program files (x86)\windows kits\10\include\10.0.10240.0\ucrt\stdio.h(1270): note: see declaration of 'scanf'
d:\nolen\documents\computer science\cpts_122\pa1\pa2\pa2.c(309): warning C4996: 'scanf': This function or variable may be unsafe. Consider using scanf_s instead. To disable deprecation, use _CRT_SECURE_NO_WARNINGS. See online help for details.
  c:\program files (x86)\windows kits\10\include\10.0.10240.0\ucrt\stdio.h(1270): note: see declaration of 'scanf'
d:\nolen\documents\computer science\cpts_122\pa1\pa2\pa2.c(328): warning C4047: 'initializing': 'char' differs in levels of indirection from 'void *'
d:\nolen\documents\computer science\cpts_122\pa1\pa2\pa2.c(342): warning C4996: 'scanf': This function or variable may be unsafe. Consider using scanf_s instead. To disable deprecation, use _CRT_SECURE_NO_WARNINGS. See online help for details.
  c:\program files (x86)\windows kits\10\include\10.0.10240.0\ucrt\stdio.h(1270): note: see declaration of 'scanf'
d:\nolen\documents\computer science\cpts_122\pa1\pa2\pa2.c(349): warning C4047: 'initializing': 'char' differs in levels of indirection from 'void *'
  main.c
d:\nolen\documents\computer science\cpts_122\pa1\pa2\main.c(27): warning C4133: 'function': incompatible types - from 'Record **' to 'Node **'
d:\nolen\documents\computer science\cpts_122\pa1\pa2\main.c(31): warning C4133: 'function': incompatible types - from 'Record **' to 'Node **'
d:\nolen\documents\computer science\cpts_122\pa1\pa2\main.c(38): warning C4133: 'function': incompatible types - from 'Record *' to 'Node *'
d:\nolen\documents\computer science\cpts_122\pa1\pa2\main.c(53): warning C4133: 'function': incompatible types - from 'Record **' to 'Node **'
d:\nolen\documents\computer science\cpts_122\pa1\pa2\main.c(60): warning C4133: 'function': incompatible types - from 'Record **' to 'Node **'
d:\nolen\documents\computer science\cpts_122\pa1\pa2\main.c(64): warning C4133: 'function': incompatible types - from 'Record **' to 'Node **'
d:\nolen\documents\computer science\cpts_122\pa1\pa2\main.c(71): warning C4133: 'function': incompatible types - from 'Record **' to 'Node **'
d:\nolen\documents\computer science\cpts_122\pa1\pa2\main.c(22): warning C4996: 'scanf': This function or variable may be unsafe. Consider using scanf_s instead. To disable deprecation, use _CRT_SECURE_NO_WARNINGS. See online help for details.
  c:\program files (x86)\windows kits\10\include\10.0.10240.0\ucrt\stdio.h(1270): note: see declaration of 'scanf'
d:\nolen\documents\computer science\cpts_122\pa1\pa2\main.c(35): warning C4996: 'scanf': This function or variable may be unsafe. Consider using scanf_s instead. To disable deprecation, use _CRT_SECURE_NO_WARNINGS. See online help for details.
  c:\program files (x86)\windows kits\10\include\10.0.10240.0\ucrt\stdio.h(1270): note: see declaration of 'scanf'
  Generating Code...
d:\nolen\documents\computer science\cpts_122\pa1\pa2\pa2.c(61): warning C4715: 'makeNode': not all control paths return a value
  pa2.vcxproj -> D:\Nolen\Documents\Computer Science\cpts_122\pa1\pa2\Debug\pa2.exe
  pa2.vcxproj -> D:\Nolen\Documents\Computer Science\cpts_122\pa1\pa2\Debug\pa2.pdb (Full PDB)
